<?xml version="1.0" encoding="UTF-8"?>
<testng-results ignored="0" total="1" passed="1" failed="0" skipped="0">
  <reporter-output>
  </reporter-output>
  <suite started-at="2025-10-14T13:16:42 IST" name="Default suite" finished-at="2025-10-14T13:16:51 IST" duration-ms="8693">
    <groups>
    </groups>
    <test started-at="2025-10-14T13:16:42 IST" name="Default test" finished-at="2025-10-14T13:16:51 IST" duration-ms="8693">
      <class name="com.Actitime.testscript.UserModule">
        <test-method is-config="true" signature="openBrowser()[pri:0, instance:com.Actitime.testscript.UserModule@66d18979]" started-at="2025-10-14T13:16:42 IST" name="openBrowser" finished-at="2025-10-14T13:16:46 IST" duration-ms="3812" status="PASS">
          <reporter-output>
          </reporter-output>
        </test-method> <!-- openBrowser -->
        <test-method is-config="true" signature="login()[pri:0, instance:com.Actitime.testscript.UserModule@66d18979]" started-at="2025-10-14T13:16:46 IST" name="login" finished-at="2025-10-14T13:16:47 IST" duration-ms="404" status="PASS">
          <reporter-output>
          </reporter-output>
        </test-method> <!-- login -->
        <test-method signature="createUser()[pri:0, instance:com.Actitime.testscript.UserModule@66d18979]" started-at="2025-10-14T13:16:47 IST" name="createUser" finished-at="2025-10-14T13:16:50 IST" duration-ms="3735" status="PASS">
          <reporter-output>
          </reporter-output>
        </test-method> <!-- createUser -->
        <test-method is-config="true" signature="logout()[pri:0, instance:com.Actitime.testscript.UserModule@66d18979]" started-at="2025-10-14T13:16:50 IST" name="logout" finished-at="2025-10-14T13:16:51 IST" duration-ms="522" status="PASS">
          <reporter-output>
          </reporter-output>
        </test-method> <!-- logout -->
        <test-method is-config="true" signature="closeBrowser()[pri:0, instance:com.Actitime.testscript.UserModule@66d18979]" started-at="2025-10-14T13:16:51 IST" name="closeBrowser" finished-at="2025-10-14T13:16:51 IST" duration-ms="172" status="PASS">
          <reporter-output>
          </reporter-output>
        </test-method> <!-- closeBrowser -->
      </class> <!-- com.Actitime.testscript.UserModule -->
    </test> <!-- Default test -->
  </suite> <!-- Default suite -->
</testng-results>
